{"uuid":"dbb6c5b5-3b39-4a2b-bb97-ab80e91a1b8a","historyId":"23f7c14edf04226e302590971982205c","fullName":"io.cucumber.testng.AbstractTestNGCucumberTests.runScenario","labels":[{"name":"package","value":"runners.TestRunner"},{"name":"testClass","value":"runners.TestRunner"},{"name":"testMethod","value":"runScenario"},{"name":"parentSuite","value":"Default Suite"},{"name":"suite","value":"Unit5-Practice Task"},{"name":"subSuite","value":"runners.TestRunner"},{"name":"host","value":"DESKTOP-0E0NMC8"},{"name":"thread","value":"11740@DESKTOP-0E0NMC8.TestNG-PoolService-0(30)"},{"name":"framework","value":"testng"},{"name":"language","value":"java"}],"links":[],"name":"Runs Cucumber Scenarios","status":"broken","statusDetails":{"known":false,"muted":false,"flaky":false,"message":"Unable to provision, see the following errors:\r\n\r\n1) [Guice/ErrorInjectingConstructor]: SessionNotCreatedException: Could not start a new session. Response code 500. Message: session not created: This version of ChromeDriver only supports Chrome version 121\nCurrent browser version is 123.0.6312.86 with binary path C:\\Program Files\\Google\\Chrome\\Application\\chrome.exe \nHost info: host: 'DESKTOP-0E0NMC8', ip: '192.168.56.1'\nBuild info: version: '4.14.1', revision: '03f8ede370'\nSystem info: os.name: 'Windows 11', os.arch: 'amd64', os.version: '10.0', java.version: '21.0.2'\nDriver info: ChromeDriver\nCommand: [null, newSession {capabilities=[Capabilities {browserName: chrome, goog:chromeOptions: {args: [--remote-allow-origins=*], binary: C:\\Program Files\\Google\\Chr..., extensions: [], prefs: {disable-popup-blocking: true, download.default_directory: C:\\a1qa education\\Unit5-Pra..., download.prompt_for_download: false, intl.accept_languages: en, profile.default_content_settings.popups: 0, safebrowsing.enabled: true}}, goog:loggingPrefs: org.openqa.selenium.logging..., pageLoadStrategy: normal}]}]\r\n  at hooks.Hooks.<init>(Hooks.java:10)\r\n  while locating hooks.Hooks\r\n\r\nLearn more:\r\n  https://github.com/google/guice/wiki/ERROR_INJECTING_CONSTRUCTOR\r\n\r\n1 error\n\n======================\nFull classname legend:\n======================\nChromeDriver:               \"org.openqa.selenium.chrome.ChromeDriver\"\nSessionNotCreatedException: \"org.openqa.selenium.SessionNotCreatedException\"\n========================\nEnd of classname legend:\n========================\n","trace":"com.google.inject.ProvisionException: Unable to provision, see the following errors:\r\n\r\n1) [Guice/ErrorInjectingConstructor]: SessionNotCreatedException: Could not start a new session. Response code 500. Message: session not created: This version of ChromeDriver only supports Chrome version 121\nCurrent browser version is 123.0.6312.86 with binary path C:\\Program Files\\Google\\Chrome\\Application\\chrome.exe \nHost info: host: 'DESKTOP-0E0NMC8', ip: '192.168.56.1'\nBuild info: version: '4.14.1', revision: '03f8ede370'\nSystem info: os.name: 'Windows 11', os.arch: 'amd64', os.version: '10.0', java.version: '21.0.2'\nDriver info: ChromeDriver\nCommand: [null, newSession {capabilities=[Capabilities {browserName: chrome, goog:chromeOptions: {args: [--remote-allow-origins=*], binary: C:\\Program Files\\Google\\Chr..., extensions: [], prefs: {disable-popup-blocking: true, download.default_directory: C:\\a1qa education\\Unit5-Pra..., download.prompt_for_download: false, intl.accept_languages: en, profile.default_content_settings.popups: 0, safebrowsing.enabled: true}}, goog:loggingPrefs: org.openqa.selenium.logging..., pageLoadStrategy: normal}]}]\r\n  at hooks.Hooks.<init>(Hooks.java:10)\r\n  while locating hooks.Hooks\r\n\r\nLearn more:\r\n  https://github.com/google/guice/wiki/ERROR_INJECTING_CONSTRUCTOR\r\n\r\n1 error\n\n======================\nFull classname legend:\n======================\nChromeDriver:               \"org.openqa.selenium.chrome.ChromeDriver\"\nSessionNotCreatedException: \"org.openqa.selenium.SessionNotCreatedException\"\n========================\nEnd of classname legend:\n========================\n\r\n\tat com.google.inject.internal.InternalProvisionException.toProvisionException(InternalProvisionException.java:251)\r\n\tat com.google.inject.internal.InjectorImpl$1.get(InjectorImpl.java:1104)\r\n\tat com.google.inject.internal.InjectorImpl.getInstance(InjectorImpl.java:1139)\r\n\tat io.cucumber.guice.GuiceFactory.getInstance(GuiceFactory.java:43)\r\n\tat io.cucumber.java.JavaHookDefinition.execute(JavaHookDefinition.java:61)\r\n\tat io.cucumber.core.runner.CoreHookDefinition.execute(CoreHookDefinition.java:31)\r\n\tat io.cucumber.core.runner.HookDefinitionMatch.runStep(HookDefinitionMatch.java:20)\r\n\tat io.cucumber.core.runner.TestStep.executeStep(TestStep.java:64)\r\n\tat io.cucumber.core.runner.TestStep.run(TestStep.java:49)\r\n\tat io.cucumber.core.runner.TestCase.run(TestCase.java:47)\r\n\tat io.cucumber.core.runner.Runner.runPickle(Runner.java:67)\r\n\tat io.cucumber.testng.TestNGCucumberRunner.runScenario(TestNGCucumberRunner.java:124)\r\n\tat io.cucumber.testng.AbstractTestNGCucumberTests.runScenario(AbstractTestNGCucumberTests.java:29)\r\n\tat java.base/jdk.internal.reflect.DirectMethodHandleAccessor.invoke(DirectMethodHandleAccessor.java:103)\r\n\tat java.base/java.lang.reflect.Method.invoke(Method.java:580)\r\n\tat org.testng.internal.invokers.MethodInvocationHelper.invokeMethod(MethodInvocationHelper.java:139)\r\n\tat org.testng.internal.invokers.TestInvoker.invokeMethod(TestInvoker.java:664)\r\n\tat org.testng.internal.invokers.TestInvoker.invokeTestMethod(TestInvoker.java:227)\r\n\tat org.testng.internal.invokers.TestMethodWithDataProviderMethodWorker.call(TestMethodWithDataProviderMethodWorker.java:80)\r\n\tat org.testng.internal.invokers.TestMethodWithDataProviderMethodWorker.call(TestMethodWithDataProviderMethodWorker.java:17)\r\n\tat java.base/java.util.concurrent.FutureTask.run(FutureTask.java:317)\r\n\tat java.base/java.util.concurrent.Executors$RunnableAdapter.call(Executors.java:572)\r\n\tat java.base/java.util.concurrent.FutureTask.run(FutureTask.java:317)\r\n\tat java.base/java.util.concurrent.ThreadPoolExecutor.runWorker(ThreadPoolExecutor.java:1144)\r\n\tat java.base/java.util.concurrent.ThreadPoolExecutor$Worker.run(ThreadPoolExecutor.java:642)\r\n\tat java.base/java.lang.Thread.run(Thread.java:1583)\r\nCaused by: org.openqa.selenium.SessionNotCreatedException: Could not start a new session. Response code 500. Message: session not created: This version of ChromeDriver only supports Chrome version 121\nCurrent browser version is 123.0.6312.86 with binary path C:\\Program Files\\Google\\Chrome\\Application\\chrome.exe \nHost info: host: 'DESKTOP-0E0NMC8', ip: '192.168.56.1'\nBuild info: version: '4.14.1', revision: '03f8ede370'\nSystem info: os.name: 'Windows 11', os.arch: 'amd64', os.version: '10.0', java.version: '21.0.2'\nDriver info: org.openqa.selenium.chrome.ChromeDriver\nCommand: [null, newSession {capabilities=[Capabilities {browserName: chrome, goog:chromeOptions: {args: [--remote-allow-origins=*], binary: C:\\Program Files\\Google\\Chr..., extensions: [], prefs: {disable-popup-blocking: true, download.default_directory: C:\\a1qa education\\Unit5-Pra..., download.prompt_for_download: false, intl.accept_languages: en, profile.default_content_settings.popups: 0, safebrowsing.enabled: true}}, goog:loggingPrefs: org.openqa.selenium.logging..., pageLoadStrategy: normal}]}]\r\n\tat org.openqa.selenium.remote.ProtocolHandshake.createSession(ProtocolHandshake.java:140)\r\n\tat org.openqa.selenium.remote.ProtocolHandshake.createSession(ProtocolHandshake.java:96)\r\n\tat org.openqa.selenium.remote.ProtocolHandshake.createSession(ProtocolHandshake.java:68)\r\n\tat org.openqa.selenium.remote.HttpCommandExecutor.execute(HttpCommandExecutor.java:163)\r\n\tat org.openqa.selenium.remote.service.DriverCommandExecutor.invokeExecute(DriverCommandExecutor.java:200)\r\n\tat org.openqa.selenium.remote.service.DriverCommandExecutor.execute(DriverCommandExecutor.java:175)\r\n\tat org.openqa.selenium.remote.RemoteWebDriver.execute(RemoteWebDriver.java:602)\r\n\tat org.openqa.selenium.remote.RemoteWebDriver.startSession(RemoteWebDriver.java:236)\r\n\tat org.openqa.selenium.remote.RemoteWebDriver.<init>(RemoteWebDriver.java:163)\r\n\tat org.openqa.selenium.chromium.ChromiumDriver.<init>(ChromiumDriver.java:108)\r\n\tat org.openqa.selenium.chrome.ChromeDriver.<init>(ChromeDriver.java:88)\r\n\tat org.openqa.selenium.chrome.ChromeDriver.<init>(ChromeDriver.java:83)\r\n\tat org.openqa.selenium.chrome.ChromeDriver.<init>(ChromeDriver.java:72)\r\n\tat aquality.selenium.browser.LocalBrowserFactory.getDriver(LocalBrowserFactory.java:42)\r\n\tat aquality.selenium.core.utilities.ActionRetrier.doWithRetry(ActionRetrier.java:33)\r\n\tat aquality.selenium.browser.BrowserFactory.getBrowser(BrowserFactory.java:31)\r\n\tat aquality.selenium.browser.AqualityServices.startBrowser(AqualityServices.java:99)\r\n\tat aquality.selenium.browser.AqualityServices.lambda$getBrowser$2(AqualityServices.java:38)\r\n\tat aquality.selenium.core.applications.AqualityServices.getApp(AqualityServices.java:48)\r\n\tat aquality.selenium.browser.AqualityServices.getBrowser(AqualityServices.java:38)\r\n\tat hooks.Hooks.<init>(Hooks.java:11)\r\n\tat hooks.Hooks$$FastClassByGuice$$953258.GUICE$TRAMPOLINE(<generated>)\r\n\tat hooks.Hooks$$FastClassByGuice$$953258.apply(<generated>)\r\n\tat com.google.inject.internal.DefaultConstructionProxyFactory$FastClassProxy.newInstance(DefaultConstructionProxyFactory.java:82)\r\n\tat com.google.inject.internal.ConstructorInjector.provision(ConstructorInjector.java:114)\r\n\tat com.google.inject.internal.ConstructorInjector.construct(ConstructorInjector.java:91)\r\n\tat com.google.inject.internal.ConstructorBindingImpl$Factory.get(ConstructorBindingImpl.java:300)\r\n\tat com.google.inject.internal.InjectorImpl$1.get(InjectorImpl.java:1101)\r\n\t... 24 more\r\n"},"stage":"finished","steps":[],"attachments":[],"parameters":[{"name":"arg1","value":"\"Alerts\""},{"name":"arg0","value":"\"Alert Handling\""}],"start":1711885287003,"stop":1711885303582}